{"level":"info","message":"Server running on port 3000","timestamp":"2024-12-25T05:49:06.557Z"}
{"level":"info","message":"Server running on port 3000","timestamp":"2024-12-25T05:50:34.818Z"}
{"code":"ENOTFOUND","hostname":"_mongodb._tcp.job-portal-demo.mongodb.net","level":"error","message":"Error connecting to MongoDB: querySrv ENOTFOUND _mongodb._tcp.job-portal-demo.mongodb.net","stack":"Error: querySrv ENOTFOUND _mongodb._tcp.job-portal-demo.mongodb.net\n    at QueryReqWrap.onresolve [as oncomplete] (node:internal/dns/promises:252:17)","syscall":"querySrv","timestamp":"2024-12-25T05:50:34.967Z"}
{"level":"info","message":"Server running on port 3000","timestamp":"2024-12-25T06:05:56.607Z"}
{"code":"ENOTFOUND","hostname":"_mongodb._tcp.job-portal-demo.mongodb.net","level":"error","message":"Error connecting to MongoDB: querySrv ENOTFOUND _mongodb._tcp.job-portal-demo.mongodb.net","stack":"Error: querySrv ENOTFOUND _mongodb._tcp.job-portal-demo.mongodb.net\n    at QueryReqWrap.onresolve [as oncomplete] (node:internal/dns/promises:252:17)","syscall":"querySrv","timestamp":"2024-12-25T06:05:56.690Z"}
{"level":"info","message":"Server running on port 3000","timestamp":"2024-12-25T06:08:03.273Z"}
{"level":"info","message":"Successfully connected to MongoDB","timestamp":"2024-12-25T06:08:04.209Z"}
{"level":"info","message":"Server running on port 3000","timestamp":"2025-01-04T13:59:44.841Z"}
{"level":"info","message":"Successfully connected to MongoDB","timestamp":"2025-01-04T13:59:46.080Z"}
{"level":"info","message":"Server running on port 3000","timestamp":"2025-01-04T14:03:38.799Z"}
{"level":"info","message":"Successfully connected to MongoDB","timestamp":"2025-01-04T14:03:39.601Z"}
{"level":"info","message":"Server running on port 3000","timestamp":"2025-01-25T07:52:43.748Z"}
{"level":"info","message":"Server running on port 3000","timestamp":"2025-01-25T07:53:18.440Z"}
{"level":"info","message":"Server running on port 3000","timestamp":"2025-01-25T07:55:56.579Z"}
{"level":"error","message":"SyntaxError: Unexpected token } in JSON at position 196\n    at JSON.parse (<anonymous>)\n    at parse (C:\\Users\\ariji\\Desktop\\CodingArrow-BackEnd-V1\\node_modules\\body-parser\\lib\\types\\json.js:92:19)\n    at C:\\Users\\ariji\\Desktop\\CodingArrow-BackEnd-V1\\node_modules\\body-parser\\lib\\read.js:128:18\n    at AsyncResource.runInAsyncScope (node:async_hooks:203:9)\n    at invokeCallback (C:\\Users\\ariji\\Desktop\\CodingArrow-BackEnd-V1\\node_modules\\raw-body\\index.js:238:16)\n    at done (C:\\Users\\ariji\\Desktop\\CodingArrow-BackEnd-V1\\node_modules\\raw-body\\index.js:227:7)\n    at IncomingMessage.onEnd (C:\\Users\\ariji\\Desktop\\CodingArrow-BackEnd-V1\\node_modules\\raw-body\\index.js:287:7)\n    at IncomingMessage.emit (node:events:517:28)\n    at endReadableNT (node:internal/streams/readable:1368:12)\n    at process.processTicksAndRejections (node:internal/process/task_queues:82:21)","timestamp":"2025-01-25T08:03:00.450Z"}
{"level":"info","message":"Server running on port 3000","timestamp":"2025-01-25T08:04:16.460Z"}
{"level":"info","message":"Server running on port 3000","timestamp":"2025-01-25T08:05:56.044Z"}
{"level":"info","message":"Server running on port 3000","timestamp":"2025-01-25T08:06:35.843Z"}
{"level":"error","message":"SyntaxError: Unexpected token } in JSON at position 68\n    at JSON.parse (<anonymous>)\n    at parse (C:\\Users\\ariji\\Desktop\\CodingArrow-BackEnd-V1\\node_modules\\body-parser\\lib\\types\\json.js:92:19)\n    at C:\\Users\\ariji\\Desktop\\CodingArrow-BackEnd-V1\\node_modules\\body-parser\\lib\\read.js:128:18\n    at AsyncResource.runInAsyncScope (node:async_hooks:203:9)\n    at invokeCallback (C:\\Users\\ariji\\Desktop\\CodingArrow-BackEnd-V1\\node_modules\\raw-body\\index.js:238:16)\n    at done (C:\\Users\\ariji\\Desktop\\CodingArrow-BackEnd-V1\\node_modules\\raw-body\\index.js:227:7)\n    at IncomingMessage.onEnd (C:\\Users\\ariji\\Desktop\\CodingArrow-BackEnd-V1\\node_modules\\raw-body\\index.js:287:7)\n    at IncomingMessage.emit (node:events:517:28)\n    at endReadableNT (node:internal/streams/readable:1368:12)\n    at process.processTicksAndRejections (node:internal/process/task_queues:82:21)","timestamp":"2025-01-25T08:06:58.856Z"}
{"level":"info","message":"Server running on port 3000","timestamp":"2025-01-25T08:09:12.547Z"}
{"level":"info","message":"Server running on port 3000","timestamp":"2025-01-25T08:09:15.206Z"}
{"level":"info","message":"Server running on port 3000","timestamp":"2025-01-25T08:09:49.445Z"}
{"level":"info","message":"Server running on port 3000","timestamp":"2025-01-25T08:16:53.134Z"}
{"level":"info","message":"Server running on port 3000","timestamp":"2025-01-25T08:16:55.320Z"}
{"level":"info","message":"Server running on port 3000","timestamp":"2025-01-25T08:16:56.197Z"}
{"level":"info","message":"Server running on port 3000","timestamp":"2025-01-25T08:17:19.788Z"}
{"level":"info","message":"Server running on port 3000","timestamp":"2025-01-25T08:17:34.126Z"}
{"error":{},"level":"error","message":"Error fetching jobs","timestamp":"2025-01-25T08:17:37.143Z"}
{"level":"error","message":"Error: Failed to fetch jobs\n    at getAllJobs (C:\\Users\\ariji\\Desktop\\CodingArrow-BackEnd-V1\\controllers\\jobController.js:26:15)\n    at C:\\Users\\ariji\\Desktop\\CodingArrow-BackEnd-V1\\middleware\\asyncWrapper.js:2:21\n    at Layer.handle [as handle_request] (C:\\Users\\ariji\\Desktop\\CodingArrow-BackEnd-V1\\node_modules\\express\\lib\\router\\layer.js:95:5)\n    at next (C:\\Users\\ariji\\Desktop\\CodingArrow-BackEnd-V1\\node_modules\\express\\lib\\router\\route.js:149:13)\n    at exports.auth (C:\\Users\\ariji\\Desktop\\CodingArrow-BackEnd-V1\\middleware\\auth.js:29:9)\n    at Layer.handle [as handle_request] (C:\\Users\\ariji\\Desktop\\CodingArrow-BackEnd-V1\\node_modules\\express\\lib\\router\\layer.js:95:5)\n    at next (C:\\Users\\ariji\\Desktop\\CodingArrow-BackEnd-V1\\node_modules\\express\\lib\\router\\route.js:149:13)\n    at Route.dispatch (C:\\Users\\ariji\\Desktop\\CodingArrow-BackEnd-V1\\node_modules\\express\\lib\\router\\route.js:119:3)\n    at Layer.handle [as handle_request] (C:\\Users\\ariji\\Desktop\\CodingArrow-BackEnd-V1\\node_modules\\express\\lib\\router\\layer.js:95:5)\n    at C:\\Users\\ariji\\Desktop\\CodingArrow-BackEnd-V1\\node_modules\\express\\lib\\router\\index.js:284:15","timestamp":"2025-01-25T08:17:37.144Z"}
{"level":"info","message":"Server running on port 3000","timestamp":"2025-01-25T08:17:51.047Z"}
{"level":"info","message":"Server running on port 3000","timestamp":"2025-01-25T08:17:52.149Z"}
{"level":"info","message":"Server running on port 3000","timestamp":"2025-01-25T08:20:12.957Z"}
{"error":{},"level":"error","message":"Error fetching jobs","timestamp":"2025-01-25T08:20:48.737Z"}
{"level":"error","message":"Error: Failed to fetch jobs\n    at getAllJobs (C:\\Users\\ariji\\Desktop\\CodingArrow-BackEnd-V1\\controllers\\jobController.js:27:15)\n    at C:\\Users\\ariji\\Desktop\\CodingArrow-BackEnd-V1\\middleware\\asyncWrapper.js:2:21\n    at Layer.handle [as handle_request] (C:\\Users\\ariji\\Desktop\\CodingArrow-BackEnd-V1\\node_modules\\express\\lib\\router\\layer.js:95:5)\n    at next (C:\\Users\\ariji\\Desktop\\CodingArrow-BackEnd-V1\\node_modules\\express\\lib\\router\\route.js:149:13)\n    at exports.auth (C:\\Users\\ariji\\Desktop\\CodingArrow-BackEnd-V1\\middleware\\auth.js:27:9)\n    at Layer.handle [as handle_request] (C:\\Users\\ariji\\Desktop\\CodingArrow-BackEnd-V1\\node_modules\\express\\lib\\router\\layer.js:95:5)\n    at next (C:\\Users\\ariji\\Desktop\\CodingArrow-BackEnd-V1\\node_modules\\express\\lib\\router\\route.js:149:13)\n    at Route.dispatch (C:\\Users\\ariji\\Desktop\\CodingArrow-BackEnd-V1\\node_modules\\express\\lib\\router\\route.js:119:3)\n    at Layer.handle [as handle_request] (C:\\Users\\ariji\\Desktop\\CodingArrow-BackEnd-V1\\node_modules\\express\\lib\\router\\layer.js:95:5)\n    at C:\\Users\\ariji\\Desktop\\CodingArrow-BackEnd-V1\\node_modules\\express\\lib\\router\\index.js:284:15","timestamp":"2025-01-25T08:20:48.738Z"}
{"level":"info","message":"Server running on port 3000","timestamp":"2025-01-25T08:23:30.424Z"}
{"level":"info","message":"Server running on port 3000","timestamp":"2025-01-25T08:23:35.054Z"}
{"level":"info","message":"Server running on port 3000","timestamp":"2025-01-25T08:23:38.086Z"}
{"level":"info","message":"Server running on port 3000","timestamp":"2025-01-25T08:23:41.060Z"}
{"level":"info","message":"Server running on port 3000","timestamp":"2025-01-25T08:24:18.473Z"}
{"level":"info","message":"Server running on port 3000","timestamp":"2025-01-25T08:24:21.910Z"}
{"level":"info","message":"Server running on port 3000","timestamp":"2025-01-25T08:24:23.012Z"}
{"level":"info","message":"Server running on port 3000","timestamp":"2025-01-25T08:24:25.606Z"}
{"level":"info","message":"Server running on port 3000","timestamp":"2025-01-25T08:24:29.882Z"}
{"level":"info","message":"Server running on port 3000","timestamp":"2025-01-25T08:24:31.798Z"}
{"level":"info","message":"Server running on port 3000","timestamp":"2025-01-25T08:24:33.321Z"}
{"level":"info","message":"Server running on port 3000","timestamp":"2025-01-25T08:24:34.617Z"}
{"level":"info","message":"Server running on port 3000","timestamp":"2025-01-25T08:24:36.216Z"}
{"level":"info","message":"Server running on port 3000","timestamp":"2025-01-25T08:24:38.744Z"}
{"level":"info","message":"Server running on port 3000","timestamp":"2025-01-25T08:24:40.131Z"}
{"level":"info","message":"Server running on port 3000","timestamp":"2025-01-25T08:24:41.425Z"}
{"level":"info","message":"Server running on port 3000","timestamp":"2025-01-25T08:24:42.785Z"}
{"level":"info","message":"Server running on port 3000","timestamp":"2025-01-25T08:24:44.331Z"}
{"level":"info","message":"Server running on port 3000","timestamp":"2025-01-25T08:24:46.354Z"}
{"level":"info","message":"Server running on port 3000","timestamp":"2025-01-25T08:25:13.002Z"}
{"level":"info","message":"Server running on port 3000","timestamp":"2025-01-25T08:25:38.669Z"}
{"level":"info","message":"Server running on port 3000","timestamp":"2025-01-25T08:25:40.150Z"}
{"level":"info","message":"Server running on port 3000","timestamp":"2025-01-25T08:28:07.719Z"}
{"level":"info","message":"Server running on port 3000","timestamp":"2025-01-25T08:29:14.721Z"}
{"level":"info","message":"Server running on port 3000","timestamp":"2025-01-25T08:29:55.517Z"}
{"level":"info","message":"Server running on port 3000","timestamp":"2025-01-25T08:29:56.508Z"}
{"level":"info","message":"Server running on port 3000","timestamp":"2025-01-25T08:30:02.995Z"}
{"level":"info","message":"Server running on port 3000","timestamp":"2025-01-25T08:30:09.333Z"}
{"level":"info","message":"Server running on port 3000","timestamp":"2025-01-25T08:30:10.490Z"}
{"level":"info","message":"Server running on port 3000","timestamp":"2025-01-25T08:30:28.875Z"}
{"level":"info","message":"Server running on port 3000","timestamp":"2025-01-25T08:30:32.699Z"}
{"level":"info","message":"Server running on port 3000","timestamp":"2025-01-25T08:30:38.098Z"}
{"level":"info","message":"Server running on port 3000","timestamp":"2025-01-25T08:30:39.186Z"}
{"error":{},"level":"error","message":"Error fetching jobs","timestamp":"2025-01-25T08:30:42.713Z"}
{"level":"error","message":"Error: Failed to fetch jobs\n    at getAllJobs (C:\\Users\\ariji\\Desktop\\CodingArrow-BackEnd-V1\\controllers\\jobController.js:15:15)\n    at C:\\Users\\ariji\\Desktop\\CodingArrow-BackEnd-V1\\middleware\\asyncWrapper.js:2:21\n    at Layer.handle [as handle_request] (C:\\Users\\ariji\\Desktop\\CodingArrow-BackEnd-V1\\node_modules\\express\\lib\\router\\layer.js:95:5)\n    at next (C:\\Users\\ariji\\Desktop\\CodingArrow-BackEnd-V1\\node_modules\\express\\lib\\router\\route.js:149:13)\n    at exports.auth (C:\\Users\\ariji\\Desktop\\CodingArrow-BackEnd-V1\\middleware\\auth.js:27:9)\n    at Layer.handle [as handle_request] (C:\\Users\\ariji\\Desktop\\CodingArrow-BackEnd-V1\\node_modules\\express\\lib\\router\\layer.js:95:5)\n    at next (C:\\Users\\ariji\\Desktop\\CodingArrow-BackEnd-V1\\node_modules\\express\\lib\\router\\route.js:149:13)\n    at Route.dispatch (C:\\Users\\ariji\\Desktop\\CodingArrow-BackEnd-V1\\node_modules\\express\\lib\\router\\route.js:119:3)\n    at Layer.handle [as handle_request] (C:\\Users\\ariji\\Desktop\\CodingArrow-BackEnd-V1\\node_modules\\express\\lib\\router\\layer.js:95:5)\n    at C:\\Users\\ariji\\Desktop\\CodingArrow-BackEnd-V1\\node_modules\\express\\lib\\router\\index.js:284:15","timestamp":"2025-01-25T08:30:42.714Z"}
{"level":"info","message":"Server running on port 3000","timestamp":"2025-01-25T08:30:52.185Z"}
{"level":"info","message":"Server running on port 3000","timestamp":"2025-01-25T08:30:56.736Z"}
{"level":"info","message":"Server running on port 3000","timestamp":"2025-01-25T08:32:48.015Z"}
{"error":{},"level":"error","message":"Error fetching jobs","timestamp":"2025-01-25T08:32:50.474Z"}
{"level":"error","message":"Error: Failed to fetch jobs\n    at getAllJobs (C:\\Users\\ariji\\Desktop\\CodingArrow-BackEnd-V1\\controllers\\jobController.js:15:15)\n    at C:\\Users\\ariji\\Desktop\\CodingArrow-BackEnd-V1\\middleware\\asyncWrapper.js:2:21\n    at Layer.handle [as handle_request] (C:\\Users\\ariji\\Desktop\\CodingArrow-BackEnd-V1\\node_modules\\express\\lib\\router\\layer.js:95:5)\n    at next (C:\\Users\\ariji\\Desktop\\CodingArrow-BackEnd-V1\\node_modules\\express\\lib\\router\\route.js:149:13)\n    at exports.auth (C:\\Users\\ariji\\Desktop\\CodingArrow-BackEnd-V1\\middleware\\auth.js:27:9)\n    at Layer.handle [as handle_request] (C:\\Users\\ariji\\Desktop\\CodingArrow-BackEnd-V1\\node_modules\\express\\lib\\router\\layer.js:95:5)\n    at next (C:\\Users\\ariji\\Desktop\\CodingArrow-BackEnd-V1\\node_modules\\express\\lib\\router\\route.js:149:13)\n    at Route.dispatch (C:\\Users\\ariji\\Desktop\\CodingArrow-BackEnd-V1\\node_modules\\express\\lib\\router\\route.js:119:3)\n    at Layer.handle [as handle_request] (C:\\Users\\ariji\\Desktop\\CodingArrow-BackEnd-V1\\node_modules\\express\\lib\\router\\layer.js:95:5)\n    at C:\\Users\\ariji\\Desktop\\CodingArrow-BackEnd-V1\\node_modules\\express\\lib\\router\\index.js:284:15","timestamp":"2025-01-25T08:32:50.475Z"}
{"level":"info","message":"Server running on port 3000","timestamp":"2025-01-25T08:33:51.122Z"}
{"level":"info","message":"Server running on port 3000","timestamp":"2025-01-25T08:34:48.874Z"}
{"level":"info","message":"Server running on port 3000","timestamp":"2025-01-25T08:34:53.147Z"}
{"level":"info","message":"Server running on port 3000","timestamp":"2025-01-25T08:35:54.334Z"}
{"level":"info","message":"Server running on port 3000","timestamp":"2025-01-25T08:35:58.089Z"}
{"level":"info","message":"Server running on port 3000","timestamp":"2025-01-25T08:37:51.040Z"}
{"level":"info","message":"Server running on port 3000","timestamp":"2025-01-25T08:38:17.379Z"}
{"level":"info","message":"Server running on port 3000","timestamp":"2025-01-25T08:38:18.629Z"}
{"error":{},"level":"error","message":"Error fetching jobs","timestamp":"2025-01-25T08:38:19.364Z"}
{"level":"error","message":"Error: Failed to fetch jobs: TypeError: Job.find(...).sort(...).ToArray is not a function\n    at getAllJobs (C:\\Users\\ariji\\Desktop\\CodingArrow-BackEnd-V1\\controllers\\jobController.js:13:15)\n    at C:\\Users\\ariji\\Desktop\\CodingArrow-BackEnd-V1\\middleware\\asyncWrapper.js:2:21\n    at Layer.handle [as handle_request] (C:\\Users\\ariji\\Desktop\\CodingArrow-BackEnd-V1\\node_modules\\express\\lib\\router\\layer.js:95:5)\n    at next (C:\\Users\\ariji\\Desktop\\CodingArrow-BackEnd-V1\\node_modules\\express\\lib\\router\\route.js:149:13)\n    at exports.auth (C:\\Users\\ariji\\Desktop\\CodingArrow-BackEnd-V1\\middleware\\auth.js:37:9)\n    at Layer.handle [as handle_request] (C:\\Users\\ariji\\Desktop\\CodingArrow-BackEnd-V1\\node_modules\\express\\lib\\router\\layer.js:95:5)\n    at next (C:\\Users\\ariji\\Desktop\\CodingArrow-BackEnd-V1\\node_modules\\express\\lib\\router\\route.js:149:13)\n    at Route.dispatch (C:\\Users\\ariji\\Desktop\\CodingArrow-BackEnd-V1\\node_modules\\express\\lib\\router\\route.js:119:3)\n    at Layer.handle [as handle_request] (C:\\Users\\ariji\\Desktop\\CodingArrow-BackEnd-V1\\node_modules\\express\\lib\\router\\layer.js:95:5)\n    at C:\\Users\\ariji\\Desktop\\CodingArrow-BackEnd-V1\\node_modules\\express\\lib\\router\\index.js:284:15","timestamp":"2025-01-25T08:38:19.369Z"}
{"level":"info","message":"Server running on port 3000","timestamp":"2025-01-25T08:38:25.493Z"}
{"level":"info","message":"Server running on port 3000","timestamp":"2025-01-25T08:42:25.181Z"}
{"level":"info","message":"Server running on port 3000","timestamp":"2025-01-25T08:43:01.748Z"}
{"level":"info","message":"Server running on port 3000","timestamp":"2025-01-25T08:44:11.874Z"}
{"level":"info","message":"Server running on port 3000","timestamp":"2025-01-25T08:44:17.485Z"}
{"error":{},"level":"error","message":"Error fetching jobs","timestamp":"2025-01-25T08:44:57.026Z"}
{"level":"error","message":"Error: Failed to fetch jobs: TypeError: Job.find(...).sort(...).ToArray is not a function\n    at getAllJobs (C:\\Users\\ariji\\Desktop\\CodingArrow-BackEnd-V1\\controllers\\jobController.js:12:15)\n    at C:\\Users\\ariji\\Desktop\\CodingArrow-BackEnd-V1\\middleware\\asyncWrapper.js:2:21\n    at Layer.handle [as handle_request] (C:\\Users\\ariji\\Desktop\\CodingArrow-BackEnd-V1\\node_modules\\express\\lib\\router\\layer.js:95:5)\n    at next (C:\\Users\\ariji\\Desktop\\CodingArrow-BackEnd-V1\\node_modules\\express\\lib\\router\\route.js:149:13)\n    at Route.dispatch (C:\\Users\\ariji\\Desktop\\CodingArrow-BackEnd-V1\\node_modules\\express\\lib\\router\\route.js:119:3)\n    at Layer.handle [as handle_request] (C:\\Users\\ariji\\Desktop\\CodingArrow-BackEnd-V1\\node_modules\\express\\lib\\router\\layer.js:95:5)\n    at C:\\Users\\ariji\\Desktop\\CodingArrow-BackEnd-V1\\node_modules\\express\\lib\\router\\index.js:284:15\n    at Function.process_params (C:\\Users\\ariji\\Desktop\\CodingArrow-BackEnd-V1\\node_modules\\express\\lib\\router\\index.js:346:12)\n    at next (C:\\Users\\ariji\\Desktop\\CodingArrow-BackEnd-V1\\node_modules\\express\\lib\\router\\index.js:280:10)\n    at Function.handle (C:\\Users\\ariji\\Desktop\\CodingArrow-BackEnd-V1\\node_modules\\express\\lib\\router\\index.js:175:3)","timestamp":"2025-01-25T08:44:57.027Z"}
{"error":{},"level":"error","message":"Error fetching jobs","timestamp":"2025-01-25T08:45:05.460Z"}
{"level":"error","message":"Error: Failed to fetch jobs: TypeError: Job.find(...).sort(...).ToArray is not a function\n    at getAllJobs (C:\\Users\\ariji\\Desktop\\CodingArrow-BackEnd-V1\\controllers\\jobController.js:12:15)\n    at C:\\Users\\ariji\\Desktop\\CodingArrow-BackEnd-V1\\middleware\\asyncWrapper.js:2:21\n    at Layer.handle [as handle_request] (C:\\Users\\ariji\\Desktop\\CodingArrow-BackEnd-V1\\node_modules\\express\\lib\\router\\layer.js:95:5)\n    at next (C:\\Users\\ariji\\Desktop\\CodingArrow-BackEnd-V1\\node_modules\\express\\lib\\router\\route.js:149:13)\n    at Route.dispatch (C:\\Users\\ariji\\Desktop\\CodingArrow-BackEnd-V1\\node_modules\\express\\lib\\router\\route.js:119:3)\n    at Layer.handle [as handle_request] (C:\\Users\\ariji\\Desktop\\CodingArrow-BackEnd-V1\\node_modules\\express\\lib\\router\\layer.js:95:5)\n    at C:\\Users\\ariji\\Desktop\\CodingArrow-BackEnd-V1\\node_modules\\express\\lib\\router\\index.js:284:15\n    at Function.process_params (C:\\Users\\ariji\\Desktop\\CodingArrow-BackEnd-V1\\node_modules\\express\\lib\\router\\index.js:346:12)\n    at next (C:\\Users\\ariji\\Desktop\\CodingArrow-BackEnd-V1\\node_modules\\express\\lib\\router\\index.js:280:10)\n    at Function.handle (C:\\Users\\ariji\\Desktop\\CodingArrow-BackEnd-V1\\node_modules\\express\\lib\\router\\index.js:175:3)","timestamp":"2025-01-25T08:45:05.461Z"}
{"error":{},"level":"error","message":"Error fetching jobs","timestamp":"2025-01-25T08:45:10.606Z"}
{"level":"error","message":"Error: Failed to fetch jobs: TypeError: Job.find(...).sort(...).ToArray is not a function\n    at getAllJobs (C:\\Users\\ariji\\Desktop\\CodingArrow-BackEnd-V1\\controllers\\jobController.js:12:15)\n    at C:\\Users\\ariji\\Desktop\\CodingArrow-BackEnd-V1\\middleware\\asyncWrapper.js:2:21\n    at Layer.handle [as handle_request] (C:\\Users\\ariji\\Desktop\\CodingArrow-BackEnd-V1\\node_modules\\express\\lib\\router\\layer.js:95:5)\n    at next (C:\\Users\\ariji\\Desktop\\CodingArrow-BackEnd-V1\\node_modules\\express\\lib\\router\\route.js:149:13)\n    at Route.dispatch (C:\\Users\\ariji\\Desktop\\CodingArrow-BackEnd-V1\\node_modules\\express\\lib\\router\\route.js:119:3)\n    at Layer.handle [as handle_request] (C:\\Users\\ariji\\Desktop\\CodingArrow-BackEnd-V1\\node_modules\\express\\lib\\router\\layer.js:95:5)\n    at C:\\Users\\ariji\\Desktop\\CodingArrow-BackEnd-V1\\node_modules\\express\\lib\\router\\index.js:284:15\n    at Function.process_params (C:\\Users\\ariji\\Desktop\\CodingArrow-BackEnd-V1\\node_modules\\express\\lib\\router\\index.js:346:12)\n    at next (C:\\Users\\ariji\\Desktop\\CodingArrow-BackEnd-V1\\node_modules\\express\\lib\\router\\index.js:280:10)\n    at Function.handle (C:\\Users\\ariji\\Desktop\\CodingArrow-BackEnd-V1\\node_modules\\express\\lib\\router\\index.js:175:3)","timestamp":"2025-01-25T08:45:10.608Z"}
{"level":"info","message":"Server running on port 3000","timestamp":"2025-01-25T08:45:27.534Z"}
{"level":"info","message":"Server running on port 3000","timestamp":"2025-01-25T08:45:29.019Z"}
{"level":"info","message":"Server running on port 3000","timestamp":"2025-01-25T08:45:31.523Z"}
{"level":"info","message":"Server running on port 3000","timestamp":"2025-01-25T08:45:41.185Z"}
{"level":"info","message":"Server running on port 3000","timestamp":"2025-01-25T08:48:49.211Z"}
{"level":"info","message":"Server running on port 3000","timestamp":"2025-01-25T08:49:25.078Z"}
{"level":"info","message":"Server running on port 3000","timestamp":"2025-01-25T08:49:27.076Z"}
{"level":"info","message":"Server running on port 3000","timestamp":"2025-01-25T08:50:40.555Z"}
{"level":"info","message":"Server running on port 3000","timestamp":"2025-01-25T08:50:44.161Z"}
{"level":"info","message":"Server running on port 3000","timestamp":"2025-01-25T08:50:46.517Z"}
{"level":"info","message":"Server running on port 3000","timestamp":"2025-01-25T08:50:53.262Z"}
{"level":"info","message":"Server running on port 3000","timestamp":"2025-01-25T08:50:56.256Z"}
{"level":"info","message":"Server running on port 3000","timestamp":"2025-01-25T08:51:00.414Z"}
{"level":"info","message":"Server running on port 3000","timestamp":"2025-01-25T08:51:27.485Z"}
{"level":"info","message":"Server running on port 3000","timestamp":"2025-01-25T08:51:29.691Z"}
{"level":"info","message":"Server running on port 3000","timestamp":"2025-01-26T05:48:38.269Z"}
{"level":"info","message":"Server running on port 3000","timestamp":"2025-01-26T05:50:49.902Z"}
{"level":"info","message":"Server running on port 3000","timestamp":"2025-01-26T05:51:07.064Z"}
{"level":"info","message":"Server running on port 3000","timestamp":"2025-01-26T05:51:08.168Z"}
{"level":"info","message":"Server running on port 3000","timestamp":"2025-01-26T06:05:46.883Z"}
{"level":"info","message":"Server running on port 3000","timestamp":"2025-01-26T06:05:48.587Z"}
{"level":"info","message":"Server running on port 3000","timestamp":"2025-01-26T06:05:56.284Z"}
{"level":"info","message":"Server running on port 3000","timestamp":"2025-01-26T06:07:01.696Z"}
{"level":"info","message":"Server running on port 3000","timestamp":"2025-01-26T06:09:06.961Z"}
{"level":"info","message":"Server running on port 3000","timestamp":"2025-01-26T06:09:35.113Z"}
{"level":"info","message":"Server running on port 3000","timestamp":"2025-01-26T06:10:37.568Z"}
{"level":"info","message":"Server running on port 3000","timestamp":"2025-01-26T06:10:53.899Z"}
{"level":"info","message":"Server running on port 3000","timestamp":"2025-01-26T06:11:03.087Z"}
{"level":"info","message":"Server running on port 3000","timestamp":"2025-01-26T06:11:17.052Z"}
{"level":"info","message":"Server running on port 3000","timestamp":"2025-01-26T06:11:18.812Z"}
{"level":"info","message":"Server running on port 3000","timestamp":"2025-01-26T06:11:52.622Z"}
{"level":"info","message":"Server running on port 3000","timestamp":"2025-01-26T06:11:56.397Z"}
{"level":"info","message":"Server running on port 3000","timestamp":"2025-01-26T06:12:21.752Z"}
{"level":"info","message":"Server running on port 3000","timestamp":"2025-01-26T06:12:27.009Z"}
{"level":"info","message":"Server running on port 3000","timestamp":"2025-01-26T06:13:12.959Z"}
{"level":"info","message":"Server running on port 3000","timestamp":"2025-01-26T06:13:51.065Z"}
{"level":"info","message":"Server running on port 3000","timestamp":"2025-01-26T06:26:14.489Z"}
{"level":"info","message":"Server running on port 3000","timestamp":"2025-01-26T06:26:53.257Z"}
{"level":"info","message":"Server running on port 3000","timestamp":"2025-01-26T06:27:38.563Z"}
{"level":"info","message":"Server running on port 3000","timestamp":"2025-01-26T06:27:41.655Z"}
{"level":"info","message":"Server running on port 3000","timestamp":"2025-01-26T06:27:43.323Z"}
{"level":"info","message":"Server running on port 3000","timestamp":"2025-01-26T06:28:13.762Z"}
{"level":"info","message":"Server running on port 3000","timestamp":"2025-01-26T06:28:20.377Z"}
{"level":"info","message":"Server running on port 3000","timestamp":"2025-01-26T06:29:07.909Z"}
{"level":"info","message":"Server running on port 3000","timestamp":"2025-01-26T06:29:09.715Z"}
{"level":"info","message":"Server running on port 3000","timestamp":"2025-01-26T06:29:49.484Z"}
{"level":"info","message":"Server running on port 3000","timestamp":"2025-01-26T06:31:04.592Z"}
{"level":"info","message":"Server running on port 3000","timestamp":"2025-01-26T06:31:12.923Z"}
{"level":"info","message":"Server running on port 3000","timestamp":"2025-01-26T06:31:15.062Z"}
{"level":"info","message":"Server running on port 3000","timestamp":"2025-01-26T06:31:25.087Z"}
{"level":"info","message":"Server running on port 3000","timestamp":"2025-01-26T06:31:26.454Z"}
{"level":"info","message":"Server running on port 3000","timestamp":"2025-01-26T06:31:42.720Z"}
{"level":"info","message":"Server running on port 3000","timestamp":"2025-01-26T06:31:45.360Z"}
{"level":"info","message":"Server running on port 3000","timestamp":"2025-01-26T06:31:52.442Z"}
{"level":"info","message":"Server running on port 3000","timestamp":"2025-01-26T06:32:01.580Z"}
{"level":"info","message":"Server running on port 3000","timestamp":"2025-01-26T06:32:54.513Z"}
{"level":"info","message":"Server running on port 3000","timestamp":"2025-01-26T06:32:56.446Z"}
{"level":"info","message":"Server running on port 3000","timestamp":"2025-01-26T06:33:11.968Z"}
{"level":"info","message":"Server running on port 3000","timestamp":"2025-01-26T06:33:42.073Z"}
{"level":"info","message":"Server running on port 3000","timestamp":"2025-01-26T06:33:44.148Z"}
{"level":"info","message":"Server running on port 3000","timestamp":"2025-01-26T06:34:01.516Z"}
{"level":"info","message":"Server running on port 3000","timestamp":"2025-01-26T06:34:05.086Z"}
{"level":"info","message":"Server running on port 3000","timestamp":"2025-01-26T06:34:09.057Z"}
{"level":"info","message":"Server running on port 3000","timestamp":"2025-01-26T06:34:15.042Z"}
{"level":"info","message":"Server running on port 3000","timestamp":"2025-01-26T06:34:47.603Z"}
{"level":"info","message":"Server running on port 3000","timestamp":"2025-01-26T06:34:57.833Z"}
{"level":"info","message":"Server running on port 3000","timestamp":"2025-01-26T06:35:12.484Z"}
{"level":"info","message":"Server running on port 3000","timestamp":"2025-01-26T06:36:26.688Z"}
{"level":"info","message":"Server running on port 3000","timestamp":"2025-01-26T06:36:41.436Z"}
{"level":"info","message":"Server running on port 3000","timestamp":"2025-01-26T06:40:28.953Z"}
{"level":"info","message":"Server running on port 3000","timestamp":"2025-01-26T06:40:31.842Z"}
{"level":"info","message":"Server running on port 3000","timestamp":"2025-01-26T06:40:34.114Z"}
{"level":"info","message":"Server running on port 3000","timestamp":"2025-01-26T06:41:51.181Z"}
{"level":"info","message":"Server running on port 3000","timestamp":"2025-01-26T07:10:49.845Z"}
{"level":"info","message":"Server running on port 3000","timestamp":"2025-01-26T07:18:30.647Z"}
{"level":"info","message":"Server running on port 3000","timestamp":"2025-01-26T07:22:18.768Z"}
{"level":"info","message":"Server running on port 3000","timestamp":"2025-01-26T07:22:28.951Z"}
{"level":"info","message":"Server running on port 3000","timestamp":"2025-01-26T12:40:49.900Z"}
{"level":"info","message":"Server running on port 3000","timestamp":"2025-01-26T12:40:55.556Z"}
{"level":"info","message":"Server running on port 3000","timestamp":"2025-01-26T14:15:50.747Z"}
{"level":"info","message":"Server running on port 3000","timestamp":"2025-01-31T09:21:38.107Z"}
{"level":"info","message":"Server running on port 3000","timestamp":"2025-01-31T09:22:03.780Z"}
{"level":"info","message":"Server running on port 3000","timestamp":"2025-01-31T09:22:12.190Z"}
{"level":"info","message":"Server running on port 3000","timestamp":"2025-01-31T09:57:23.388Z"}
{"level":"info","message":"Server running on port 3000","timestamp":"2025-02-03T08:04:28.837Z"}
{"error":{"reason":{"commonWireVersion":0,"compatible":true,"heartbeatFrequencyMS":10000,"localThresholdMS":15,"logicalSessionTimeoutMinutes":null,"maxElectionId":{"$oid":"7fffffff000000000000004b"},"maxSetVersion":1,"servers":{"job-portal-demo-shard-00-00.tgr6x.mongodb.net:27017":{"$clusterTime":null,"address":"job-portal-demo-shard-00-00.tgr6x.mongodb.net:27017","arbiters":[],"electionId":null,"error":{},"hosts":[],"iscryptd":false,"lastUpdateTime":5610321650,"lastWriteDate":0,"logicalSessionTimeoutMinutes":null,"maxBsonObjectSize":null,"maxMessageSizeBytes":null,"maxWireVersion":0,"maxWriteBatchSize":null,"me":null,"minRoundTripTime":0,"minWireVersion":0,"passives":[],"primary":null,"roundTripTime":-1,"setName":null,"setVersion":null,"tags":{},"topologyVersion":null,"type":"Unknown"},"job-portal-demo-shard-00-01.tgr6x.mongodb.net:27017":{"$clusterTime":null,"address":"job-portal-demo-shard-00-01.tgr6x.mongodb.net:27017","arbiters":[],"electionId":null,"error":{},"hosts":[],"iscryptd":false,"lastUpdateTime":5610321648,"lastWriteDate":0,"logicalSessionTimeoutMinutes":null,"maxBsonObjectSize":null,"maxMessageSizeBytes":null,"maxWireVersion":0,"maxWriteBatchSize":null,"me":null,"minRoundTripTime":0,"minWireVersion":0,"passives":[],"primary":null,"roundTripTime":-1,"setName":null,"setVersion":null,"tags":{},"topologyVersion":null,"type":"Unknown"},"job-portal-demo-shard-00-02.tgr6x.mongodb.net:27017":{"$clusterTime":null,"address":"job-portal-demo-shard-00-02.tgr6x.mongodb.net:27017","arbiters":[],"electionId":null,"error":{},"hosts":[],"iscryptd":false,"lastUpdateTime":5610321655,"lastWriteDate":0,"logicalSessionTimeoutMinutes":null,"maxBsonObjectSize":null,"maxMessageSizeBytes":null,"maxWireVersion":0,"maxWriteBatchSize":null,"me":null,"minRoundTripTime":0,"minWireVersion":0,"passives":[],"primary":null,"roundTripTime":-1,"setName":null,"setVersion":null,"tags":{},"topologyVersion":null,"type":"Unknown"}},"setName":"atlas-wuei5r-shard-0","stale":false,"type":"ReplicaSetNoPrimary"}},"level":"error","message":"Error fetching jobs","timestamp":"2025-02-03T09:05:26.802Z"}
{"level":"error","message":"Error: Failed to fetch jobs: MongoServerSelectionError: Socket 'secureConnect' timed out after 30003ms (connectTimeoutMS: 30000)\n    at getAllJobs (/Users/mayanksharma/Documents/CA-BE-V1/CA-BE-V1/controllers/jobController.js:12:15)\n    at process.processTicksAndRejections (node:internal/process/task_queues:105:5)","timestamp":"2025-02-03T09:05:26.825Z"}
{"error":{"reason":{"commonWireVersion":0,"compatible":true,"heartbeatFrequencyMS":10000,"localThresholdMS":15,"logicalSessionTimeoutMinutes":null,"maxElectionId":{"$oid":"7fffffff000000000000004b"},"maxSetVersion":1,"servers":{"job-portal-demo-shard-00-00.tgr6x.mongodb.net:27017":{"$clusterTime":null,"address":"job-portal-demo-shard-00-00.tgr6x.mongodb.net:27017","arbiters":[],"electionId":null,"error":{},"hosts":[],"iscryptd":false,"lastUpdateTime":5610352948,"lastWriteDate":0,"logicalSessionTimeoutMinutes":null,"maxBsonObjectSize":null,"maxMessageSizeBytes":null,"maxWireVersion":0,"maxWriteBatchSize":null,"me":null,"minRoundTripTime":0,"minWireVersion":0,"passives":[],"primary":null,"roundTripTime":-1,"setName":null,"setVersion":null,"tags":{},"topologyVersion":null,"type":"Unknown"},"job-portal-demo-shard-00-01.tgr6x.mongodb.net:27017":{"$clusterTime":null,"address":"job-portal-demo-shard-00-01.tgr6x.mongodb.net:27017","arbiters":[],"electionId":null,"error":{},"hosts":[],"iscryptd":false,"lastUpdateTime":5610352948,"lastWriteDate":0,"logicalSessionTimeoutMinutes":null,"maxBsonObjectSize":null,"maxMessageSizeBytes":null,"maxWireVersion":0,"maxWriteBatchSize":null,"me":null,"minRoundTripTime":0,"minWireVersion":0,"passives":[],"primary":null,"roundTripTime":-1,"setName":null,"setVersion":null,"tags":{},"topologyVersion":null,"type":"Unknown"},"job-portal-demo-shard-00-02.tgr6x.mongodb.net:27017":{"$clusterTime":null,"address":"job-portal-demo-shard-00-02.tgr6x.mongodb.net:27017","arbiters":[],"electionId":null,"error":{},"hosts":[],"iscryptd":false,"lastUpdateTime":5610352948,"lastWriteDate":0,"logicalSessionTimeoutMinutes":null,"maxBsonObjectSize":null,"maxMessageSizeBytes":null,"maxWireVersion":0,"maxWriteBatchSize":null,"me":null,"minRoundTripTime":0,"minWireVersion":0,"passives":[],"primary":null,"roundTripTime":-1,"setName":null,"setVersion":null,"tags":{},"topologyVersion":null,"type":"Unknown"}},"setName":"atlas-wuei5r-shard-0","stale":false,"type":"ReplicaSetNoPrimary"}},"level":"error","message":"Error fetching jobs","timestamp":"2025-02-03T09:05:54.651Z"}
{"level":"error","message":"Error: Failed to fetch jobs: MongoServerSelectionError: Socket 'secureConnect' timed out after 30029ms (connectTimeoutMS: 30000)\n    at getAllJobs (/Users/mayanksharma/Documents/CA-BE-V1/CA-BE-V1/controllers/jobController.js:12:15)\n    at process.processTicksAndRejections (node:internal/process/task_queues:105:5)","timestamp":"2025-02-03T09:05:54.660Z"}
{"error":{"reason":{"commonWireVersion":0,"compatible":true,"heartbeatFrequencyMS":10000,"localThresholdMS":15,"logicalSessionTimeoutMinutes":null,"maxElectionId":{"$oid":"7fffffff000000000000004b"},"maxSetVersion":1,"servers":{"job-portal-demo-shard-00-00.tgr6x.mongodb.net:27017":{"$clusterTime":null,"address":"job-portal-demo-shard-00-00.tgr6x.mongodb.net:27017","arbiters":[],"electionId":null,"error":{},"hosts":[],"iscryptd":false,"lastUpdateTime":5610383458,"lastWriteDate":0,"logicalSessionTimeoutMinutes":null,"maxBsonObjectSize":null,"maxMessageSizeBytes":null,"maxWireVersion":0,"maxWriteBatchSize":null,"me":null,"minRoundTripTime":0,"minWireVersion":0,"passives":[],"primary":null,"roundTripTime":-1,"setName":null,"setVersion":null,"tags":{},"topologyVersion":null,"type":"Unknown"},"job-portal-demo-shard-00-01.tgr6x.mongodb.net:27017":{"$clusterTime":null,"address":"job-portal-demo-shard-00-01.tgr6x.mongodb.net:27017","arbiters":[],"electionId":null,"error":{},"hosts":[],"iscryptd":false,"lastUpdateTime":5610383456,"lastWriteDate":0,"logicalSessionTimeoutMinutes":null,"maxBsonObjectSize":null,"maxMessageSizeBytes":null,"maxWireVersion":0,"maxWriteBatchSize":null,"me":null,"minRoundTripTime":0,"minWireVersion":0,"passives":[],"primary":null,"roundTripTime":-1,"setName":null,"setVersion":null,"tags":{},"topologyVersion":null,"type":"Unknown"},"job-portal-demo-shard-00-02.tgr6x.mongodb.net:27017":{"$clusterTime":null,"address":"job-portal-demo-shard-00-02.tgr6x.mongodb.net:27017","arbiters":[],"electionId":null,"error":{},"hosts":[],"iscryptd":false,"lastUpdateTime":5610383457,"lastWriteDate":0,"logicalSessionTimeoutMinutes":null,"maxBsonObjectSize":null,"maxMessageSizeBytes":null,"maxWireVersion":0,"maxWriteBatchSize":null,"me":null,"minRoundTripTime":0,"minWireVersion":0,"passives":[],"primary":null,"roundTripTime":-1,"setName":null,"setVersion":null,"tags":{},"topologyVersion":null,"type":"Unknown"}},"setName":"atlas-wuei5r-shard-0","stale":false,"type":"ReplicaSetNoPrimary"}},"level":"error","message":"Error fetching jobs","timestamp":"2025-02-03T09:06:33.302Z"}
{"level":"error","message":"Error: Failed to fetch jobs: MongoServerSelectionError: Socket 'secureConnect' timed out after 30002ms (connectTimeoutMS: 30000)\n    at getAllJobs (/Users/mayanksharma/Documents/CA-BE-V1/CA-BE-V1/controllers/jobController.js:12:15)\n    at process.processTicksAndRejections (node:internal/process/task_queues:105:5)","timestamp":"2025-02-03T09:06:33.308Z"}
{"level":"info","message":"Server running on port 3000","timestamp":"2025-02-05T14:28:18.829Z"}
{"level":"info","message":"Server running on port 3000","timestamp":"2025-02-07T05:40:07.241Z"}
{"level":"info","message":"Server running on port 3000","timestamp":"2025-02-27T21:01:51.950Z"}
{"level":"info","message":"Server running on port 3000","timestamp":"2025-02-28T15:41:42.956Z"}
{"level":"info","message":"Server running on port 3000","timestamp":"2025-02-28T15:49:56.683Z"}
